JPushExample(400922)/build/outputs/logs/manifest-merger-debug-report.txt
-- Merging decision tree log ---
manifest
ADDED from AndroidManifest.xml:2:1
	xmlns:android
		ADDED from AndroidManifest.xml:2:11
	package
		ADDED from AndroidManifest.xml:3:5
	android:versionName
		ADDED from AndroidManifest.xml:5:5
	android:versionCode
		ADDED from AndroidManifest.xml:4:5
		INJECTED from AndroidManifest.xml:0:0
		INJECTED from AndroidManifest.xml:0:0
uses-sdk
ADDED from AndroidManifest.xml:7:5
	android:targetSdkVersion
		ADDED from AndroidManifest.xml:7:42
	android:minSdkVersion
		ADDED from AndroidManifest.xml:7:15
permission#com.sina.home.testfor_newclient.permission.JPUSH_MESSAGE
ADDED from AndroidManifest.xml:8:5
	android:protectionLevel
		ADDED from AndroidManifest.xml:10:9
	android:name
		ADDED from AndroidManifest.xml:9:9
uses-permission#com.sina.home.testfor_newclient.permission.JPUSH_MESSAGE
ADDED from AndroidManifest.xml:13:5
	android:name
		ADDED from AndroidManifest.xml:13:22
uses-permission#android.permission.RECEIVE_USER_PRESENT
ADDED from AndroidManifest.xml:14:5
	android:name
		ADDED from AndroidManifest.xml:14:22
uses-permission#android.permission.INTERNET
ADDED from AndroidManifest.xml:15:5
	android:name
		ADDED from AndroidManifest.xml:15:22
uses-permission#android.permission.WAKE_LOCK
ADDED from AndroidManifest.xml:16:5
	android:name
		ADDED from AndroidManifest.xml:16:22
uses-permission#android.permission.READ_PHONE_STATE
ADDED from AndroidManifest.xml:17:5
	android:name
		ADDED from AndroidManifest.xml:17:22
uses-permission#android.permission.WRITE_EXTERNAL_STORAGE
ADDED from AndroidManifest.xml:18:5
	android:name
		ADDED from AndroidManifest.xml:18:22
uses-permission#android.permission.READ_EXTERNAL_STORAGE
ADDED from AndroidManifest.xml:19:5
	android:name
		ADDED from AndroidManifest.xml:19:22
uses-permission#android.permission.WRITE_SETTINGS
ADDED from AndroidManifest.xml:20:5
	android:name
		ADDED from AndroidManifest.xml:20:22
uses-permission#android.permission.VIBRATE
ADDED from AndroidManifest.xml:21:5
	android:name
		ADDED from AndroidManifest.xml:21:22
uses-permission#android.permission.MOUNT_UNMOUNT_FILESYSTEMS
ADDED from AndroidManifest.xml:22:5
	android:name
		ADDED from AndroidManifest.xml:22:22
uses-permission#android.permission.ACCESS_NETWORK_STATE
ADDED from AndroidManifest.xml:23:5
	android:name
		ADDED from AndroidManifest.xml:23:22
uses-permission#android.permission.ACCESS_WIFI_STATE
ADDED from AndroidManifest.xml:24:5
	android:name
		ADDED from AndroidManifest.xml:24:22
uses-permission#android.permission.SYSTEM_ALERT_WINDOW
ADDED from AndroidManifest.xml:25:5
	android:name
		ADDED from AndroidManifest.xml:25:22
uses-permission#android.permission.ACCESS_COARSE_LOCATION
ADDED from AndroidManifest.xml:30:5
	android:name
		ADDED from AndroidManifest.xml:30:22
uses-permission#android.permission.CHANGE_WIFI_STATE
ADDED from AndroidManifest.xml:31:5
	android:name
		ADDED from AndroidManifest.xml:31:22
uses-permission#android.permission.ACCESS_FINE_LOCATION
ADDED from AndroidManifest.xml:32:5
	android:name
		ADDED from AndroidManifest.xml:32:22
uses-permission#android.permission.ACCESS_LOCATION_EXTRA_COMMANDS
ADDED from AndroidManifest.xml:33:5
	android:name
		ADDED from AndroidManifest.xml:33:22
uses-permission#android.permission.CHANGE_NETWORK_STATE
ADDED from AndroidManifest.xml:34:5
	android:name
		ADDED from AndroidManifest.xml:34:22
application
ADDED from AndroidManifest.xml:36:5
	android:label
		ADDED from AndroidManifest.xml:39:9
	android:allowBackup
		ADDED from AndroidManifest.xml:38:9
	android:icon
		ADDED from AndroidManifest.xml:37:9
	android:name
		ADDED from AndroidManifest.xml:40:9
activity#com.example.jpushdemo.MainActivity
ADDED from AndroidManifest.xml:44:9
	android:label
		ADDED from AndroidManifest.xml:46:13
	android:name
		ADDED from AndroidManifest.xml:45:13
intent-filter#android.intent.action.MAIN+android.intent.category.LAUNCHER
ADDED from AndroidManifest.xml:47:13
action#android.intent.action.MAIN
ADDED from AndroidManifest.xml:48:17
	android:name
		ADDED from AndroidManifest.xml:48:25
category#android.intent.category.LAUNCHER
ADDED from AndroidManifest.xml:49:17
	android:name
		ADDED from AndroidManifest.xml:49:27
activity#com.example.jpushdemo.PushSetActivity
ADDED from AndroidManifest.xml:53:8
	android:label
		ADDED from AndroidManifest.xml:53:71
	android:name
		ADDED from AndroidManifest.xml:53:18
activity#com.example.jpushdemo.SettingActivity
ADDED from AndroidManifest.xml:55:8
	android:label
		ADDED from AndroidManifest.xml:55:71
	android:name
		ADDED from AndroidManifest.xml:55:18
activity#com.example.jpushdemo.TestActivity
ADDED from AndroidManifest.xml:57:9
	android:exported
		ADDED from AndroidManifest.xml:57:69
	android:name
		ADDED from AndroidManifest.xml:57:19
intent-filter#jpush.testAction+jpush.testCategory
ADDED from AndroidManifest.xml:58:13
action#jpush.testAction
ADDED from AndroidManifest.xml:59:17
	android:name
		ADDED from AndroidManifest.xml:59:25
category#jpush.testCategory
ADDED from AndroidManifest.xml:60:17
	android:name
		ADDED from AndroidManifest.xml:60:27
activity#cn.jpush.android.ui.PopWinActivity
ADDED from AndroidManifest.xml:65:9
	android:theme
		ADDED from AndroidManifest.xml:67:13
	android:exported
		ADDED from AndroidManifest.xml:68:13
	android:name
		ADDED from AndroidManifest.xml:66:13
activity#cn.jpush.android.ui.PushActivity
ADDED from AndroidManifest.xml:72:9
	android:configChanges
		ADDED from AndroidManifest.xml:74:13
	android:theme
		ADDED from AndroidManifest.xml:75:13
	android:exported
		ADDED from AndroidManifest.xml:76:13
	android:name
		ADDED from AndroidManifest.xml:73:13
intent-filter#android.intent.category.DEFAULT+cn.jpush.android.ui.PushActivity+com.sina.home.testfor_newclient
ADDED from AndroidManifest.xml:77:13
action#cn.jpush.android.ui.PushActivity
ADDED from AndroidManifest.xml:78:17
	android:name
		ADDED from AndroidManifest.xml:78:25
category#android.intent.category.DEFAULT
ADDED from AndroidManifest.xml:79:17
	android:name
		ADDED from AndroidManifest.xml:79:27
category#com.sina.home.testfor_newclient
ADDED from AndroidManifest.xml:80:17
	android:name
		ADDED from AndroidManifest.xml:80:27
service#cn.jpush.android.service.DownloadService
ADDED from AndroidManifest.xml:84:9
	android:exported
		ADDED from AndroidManifest.xml:87:13
	android:enabled
		ADDED from AndroidManifest.xml:86:13
	android:name
		ADDED from AndroidManifest.xml:85:13
service#cn.jpush.android.service.PushService
ADDED from AndroidManifest.xml:93:9
	android:exported
		ADDED from AndroidManifest.xml:96:13
	android:enabled
		ADDED from AndroidManifest.xml:95:13
	android:name
		ADDED from AndroidManifest.xml:94:13
intent-filter#cn.jpush.android.intent.PUSH_TIME+cn.jpush.android.intent.PushService+cn.jpush.android.intent.REGISTER+cn.jpush.android.intent.REPORT
ADDED from AndroidManifest.xml:97:13
action#cn.jpush.android.intent.REGISTER
ADDED from AndroidManifest.xml:98:17
	android:name
		ADDED from AndroidManifest.xml:98:25
action#cn.jpush.android.intent.REPORT
ADDED from AndroidManifest.xml:99:17
	android:name
		ADDED from AndroidManifest.xml:99:25
action#cn.jpush.android.intent.PushService
ADDED from AndroidManifest.xml:100:17
	android:name
		ADDED from AndroidManifest.xml:100:25
action#cn.jpush.android.intent.PUSH_TIME
ADDED from AndroidManifest.xml:101:17
	android:name
		ADDED from AndroidManifest.xml:101:25
service#cn.jpush.android.service.DaemonService
ADDED from AndroidManifest.xml:107:9
	android:exported
		ADDED from AndroidManifest.xml:110:13
	android:enabled
		ADDED from AndroidManifest.xml:109:13
	android:name
		ADDED from AndroidManifest.xml:108:13
intent-filter#cn.jpush.android.intent.DaemonService+com.sina.home.testfor_newclient
ADDED from AndroidManifest.xml:111:13
action#cn.jpush.android.intent.DaemonService
ADDED from AndroidManifest.xml:112:17
	android:name
		ADDED from AndroidManifest.xml:112:25
receiver#cn.jpush.android.service.PushReceiver
ADDED from AndroidManifest.xml:119:9
	android:exported
		ADDED from AndroidManifest.xml:122:13
	android:enabled
		ADDED from AndroidManifest.xml:121:13
	android:name
		ADDED from AndroidManifest.xml:120:13
intent-filter#cn.jpush.android.intent.NOTIFICATION_RECEIVED_PROXY+com.sina.home.testfor_newclient
ADDED from AndroidManifest.xml:123:14
	android:priority
		ADDED from AndroidManifest.xml:123:29
action#cn.jpush.android.intent.NOTIFICATION_RECEIVED_PROXY
ADDED from AndroidManifest.xml:124:17
	android:name
		ADDED from AndroidManifest.xml:124:25
intent-filter#android.intent.action.USER_PRESENT+android.net.conn.CONNECTIVITY_CHANGE
ADDED from AndroidManifest.xml:127:13
action#android.intent.action.USER_PRESENT
ADDED from AndroidManifest.xml:128:17
	android:name
		ADDED from AndroidManifest.xml:128:25
action#android.net.conn.CONNECTIVITY_CHANGE
ADDED from AndroidManifest.xml:129:17
	android:name
		ADDED from AndroidManifest.xml:129:25
intent-filter#android.intent.action.PACKAGE_ADDED+android.intent.action.PACKAGE_REMOVED
ADDED from AndroidManifest.xml:132:13
action#android.intent.action.PACKAGE_ADDED
ADDED from AndroidManifest.xml:133:17
	android:name
		ADDED from AndroidManifest.xml:133:25
action#android.intent.action.PACKAGE_REMOVED
ADDED from AndroidManifest.xml:134:17
	android:name
		ADDED from AndroidManifest.xml:134:25
data
ADDED from AndroidManifest.xml:135:17
	android:scheme
		ADDED from AndroidManifest.xml:135:23
receiver#cn.jpush.android.service.AlarmReceiver
ADDED from AndroidManifest.xml:141:9
	android:exported
		ADDED from AndroidManifest.xml:141:73
	android:name
		ADDED from AndroidManifest.xml:141:19
receiver#com.example.jpushdemo.MyReceiver
ADDED from AndroidManifest.xml:144:9
	android:exported
		ADDED from AndroidManifest.xml:146:13
	android:enabled
		ADDED from AndroidManifest.xml:147:13
	android:name
		ADDED from AndroidManifest.xml:145:13
intent-filter#cn.jpush.android.intent.ACTION_RICHPUSH_CALLBACK+cn.jpush.android.intent.CONNECTION+cn.jpush.android.intent.MESSAGE_RECEIVED+cn.jpush.android.intent.NOTIFICATION_OPENED+cn.jpush.android.intent.NOTIFICATION_RECEIVED+cn.jpush.android.intent.REGISTRATION+cn.jpush.android.intent.UNREGISTRATION+com.sina.home.testfor_newclient
ADDED from AndroidManifest.xml:148:13
action#cn.jpush.android.intent.REGISTRATION
ADDED from AndroidManifest.xml:149:17
	android:name
		ADDED from AndroidManifest.xml:149:25
action#cn.jpush.android.intent.UNREGISTRATION
ADDED from AndroidManifest.xml:150:17
	android:name
		ADDED from AndroidManifest.xml:150:25
action#cn.jpush.android.intent.MESSAGE_RECEIVED
ADDED from AndroidManifest.xml:151:17
	android:name
		ADDED from AndroidManifest.xml:151:25
action#cn.jpush.android.intent.NOTIFICATION_RECEIVED
ADDED from AndroidManifest.xml:152:17
	android:name
		ADDED from AndroidManifest.xml:152:25
action#cn.jpush.android.intent.NOTIFICATION_OPENED
ADDED from AndroidManifest.xml:153:17
	android:name
		ADDED from AndroidManifest.xml:153:25
action#cn.jpush.android.intent.ACTION_RICHPUSH_CALLBACK
ADDED from AndroidManifest.xml:154:17
	android:name
		ADDED from AndroidManifest.xml:154:25
action#cn.jpush.android.intent.CONNECTION
ADDED from AndroidManifest.xml:155:17
	android:name
		ADDED from AndroidManifest.xml:155:25
meta-data#JPUSH_CHANNEL
ADDED from AndroidManifest.xml:162:9
	android:name
		ADDED from AndroidManifest.xml:162:20
	android:value
		ADDED from AndroidManifest.xml:162:49
meta-data#JPUSH_APPKEY
ADDED from AndroidManifest.xml:163:9
	android:name
		ADDED from AndroidManifest.xml:163:20
	android:value
		ADDED from AndroidManifest.xml:163:48